<?xml version="1.0" encoding="UTF-8"?>
<testng-results ignored="3" total="5" passed="2" failed="0" skipped="0">
  <reporter-output>
  </reporter-output>
  <suite started-at="2022-09-11T00:34:43 IST" name="Suite" finished-at="2022-09-11T00:35:20 IST" duration-ms="37388">
    <groups>
      <group name="Purchase">
        <method signature="SubmitOrderTest.submitOrder(java.lang.String,java.lang.String,java.lang.String)[pri:0, instance:rahulshettyacademy.tests.SubmitOrderTest@65c7a252]" name="submitOrder" class="rahulshettyacademy.tests.SubmitOrderTest"/>
      </group> <!-- Purchase -->
    </groups>
    <test started-at="2022-09-11T00:34:43 IST" name="Error Validations Test" finished-at="2022-09-11T00:34:43 IST" duration-ms="22">
    </test> <!-- Error Validations Test -->
    <test started-at="2022-09-11T00:34:43 IST" name="Submit Order Test" finished-at="2022-09-11T00:35:20 IST" duration-ms="37388">
      <class name="rahulshettyacademy.tests.SubmitOrderTest">
        <test-method is-config="true" signature="launchApplication()[pri:0, instance:rahulshettyacademy.tests.SubmitOrderTest@65c7a252]" started-at="2022-09-11T00:34:43 IST" name="launchApplication" finished-at="2022-09-11T00:34:47 IST" duration-ms="3867" status="PASS">
          <reporter-output>
          </reporter-output>
        </test-method> <!-- launchApplication -->
        <test-method signature="submitOrder(java.lang.String,java.lang.String,java.lang.String)[pri:0, instance:rahulshettyacademy.tests.SubmitOrderTest@65c7a252]" started-at="2022-09-11T00:34:47 IST" name="submitOrder" data-provider="getData" finished-at="2022-09-11T00:35:01 IST" duration-ms="14584" status="PASS">
          <params>
            <param index="0">
              <value>
                <![CDATA[dummyemail@rsa.com]]>
              </value>
            </param>
            <param index="1">
              <value>
                <![CDATA[Dummypassword@123]]>
              </value>
            </param>
            <param index="2">
              <value>
                <![CDATA[ZARA COAT 3]]>
              </value>
            </param>
          </params>
          <reporter-output>
          </reporter-output>
        </test-method> <!-- submitOrder -->
        <test-method is-config="true" signature="launchApplication()[pri:0, instance:rahulshettyacademy.tests.SubmitOrderTest@65c7a252]" started-at="2022-09-11T00:35:01 IST" name="launchApplication" finished-at="2022-09-11T00:35:06 IST" duration-ms="4298" status="PASS">
          <reporter-output>
          </reporter-output>
        </test-method> <!-- launchApplication -->
        <test-method signature="submitOrder(java.lang.String,java.lang.String,java.lang.String)[pri:0, instance:rahulshettyacademy.tests.SubmitOrderTest@65c7a252]" started-at="2022-09-11T00:35:06 IST" name="submitOrder" data-provider="getData" finished-at="2022-09-11T00:35:20 IST" duration-ms="14501" status="PASS">
          <params>
            <param index="0">
              <value>
                <![CDATA[kukrety@gmail.com]]>
              </value>
            </param>
            <param index="1">
              <value>
                <![CDATA[Dummypassword@123]]>
              </value>
            </param>
            <param index="2">
              <value>
                <![CDATA[ADIDAS ORIGINAL]]>
              </value>
            </param>
          </params>
          <reporter-output>
          </reporter-output>
        </test-method> <!-- submitOrder -->
      </class> <!-- rahulshettyacademy.tests.SubmitOrderTest -->
    </test> <!-- Submit Order Test -->
  </suite> <!-- Suite -->
</testng-results>
