<?xml version="1.0" encoding="UTF-8"?>
<!-- Generated by org.testng.reporters.JUnitXMLReporter -->
<testsuite ignored="0" hostname="DESKTOP-T8B8QGB" failures="0" tests="2" name="Error Validations Test" time="18.563" errors="0" timestamp="2022-09-10T00:43:43 IST">
  <testcase classname="rahulshettyacademy.tests.ErrorValidationsTest" name="productErrorValidation" time="13.592"/>
  <testcase classname="rahulshettyacademy.tests.ErrorValidationsTest" name="submitOrder" time="0.391"/>
</testsuite> <!-- Error Validations Test -->
